# JRE version: OpenJDK Runtime Environment (8.0_111-b14) (build 1.8.0_111-8u111-b14-2ubuntu0.16.04.2-b14)
# Java VM: OpenJDK 64-Bit Server VM (25.111-b14 mixed mode linux-amd64 compressed oops)
Heap:
 PSYoungGen      total 88576K, used 56603K [0x00000000d7100000, 0x00000000df700000, 0x0000000100000000)
  eden space 83456K, 61% used [0x00000000d7100000,0x00000000da349008,0x00000000dc280000)
  from space 5120K, 99% used [0x00000000df200000,0x00000000df6fdcf0,0x00000000df700000)
  to   space 5120K, 0% used [0x00000000ded00000,0x00000000ded00000,0x00000000df200000)
 ParOldGen       total 63488K, used 14709K [0x0000000085200000, 0x0000000089000000, 0x00000000d7100000)
  object space 63488K, 23% used [0x0000000085200000,0x000000008605d5e0,0x0000000089000000)
 Metaspace       used 30202K, capacity 30522K, committed 30976K, reserved 1077248K
  class space    used 3876K, capacity 3993K, committed 4096K, reserved 1048576K
GC Heap History (10 events):
Event: 0.792 GC heap before
{Heap before GC invocations=1 (full 0):
 PSYoungGen      total 36864K, used 31744K [0x00000000d7100000, 0x00000000d9a00000, 0x0000000100000000)
  eden space 31744K, 100% used [0x00000000d7100000,0x00000000d9000000,0x00000000d9000000)
  from space 5120K, 0% used [0x00000000d9500000,0x00000000d9500000,0x00000000d9a00000)
  to   space 5120K, 0% used [0x00000000d9000000,0x00000000d9000000,0x00000000d9500000)
 ParOldGen       total 84992K, used 0K [0x0000000085200000, 0x000000008a500000, 0x00000000d7100000)
  object space 84992K, 0% used [0x0000000085200000,0x0000000085200000,0x000000008a500000)
 Metaspace       used 13061K, capacity 13238K, committed 13440K, reserved 1060864K
  class space    used 1552K, capacity 1629K, committed 1664K, reserved 1048576K
Event: 0.806 GC heap after
Heap after GC invocations=1 (full 0):
 PSYoungGen      total 36864K, used 5101K [0x00000000d7100000, 0x00000000db900000, 0x0000000100000000)
  eden space 31744K, 0% used [0x00000000d7100000,0x00000000d7100000,0x00000000d9000000)
  from space 5120K, 99% used [0x00000000d9000000,0x00000000d94fb4f8,0x00000000d9500000)
  to   space 5120K, 0% used [0x00000000db400000,0x00000000db400000,0x00000000db900000)
 ParOldGen       total 84992K, used 2396K [0x0000000085200000, 0x000000008a500000, 0x00000000d7100000)
  object space 84992K, 2% used [0x0000000085200000,0x0000000085457050,0x000000008a500000)
 Metaspace       used 13061K, capacity 13238K, committed 13440K, reserved 1060864K
  class space    used 1552K, capacity 1629K, committed 1664K, reserved 1048576K
}
Event: 1.377 GC heap before
{Heap before GC invocations=2 (full 0):
 PSYoungGen      total 36864K, used 36845K [0x00000000d7100000, 0x00000000db900000, 0x0000000100000000)
  eden space 31744K, 100% used [0x00000000d7100000,0x00000000d9000000,0x00000000d9000000)
  from space 5120K, 99% used [0x00000000d9000000,0x00000000d94fb4f8,0x00000000d9500000)
  to   space 5120K, 0% used [0x00000000db400000,0x00000000db400000,0x00000000db900000)
 ParOldGen       total 84992K, used 2396K [0x0000000085200000, 0x000000008a500000, 0x00000000d7100000)
  object space 84992K, 2% used [0x0000000085200000,0x0000000085457050,0x000000008a500000)
 Metaspace       used 17787K, capacity 18046K, committed 18176K, reserved 1064960K
  class space    used 2162K, capacity 2255K, committed 2304K, reserved 1048576K
Event: 1.385 GC heap after
Heap after GC invocations=2 (full 0):
 PSYoungGen      total 68608K, used 5120K [0x00000000d7100000, 0x00000000db900000, 0x0000000100000000)
  eden space 63488K, 0% used [0x00000000d7100000,0x00000000d7100000,0x00000000daf00000)
  from space 5120K, 100% used [0x00000000db400000,0x00000000db900000,0x00000000db900000)
  to   space 5120K, 0% used [0x00000000daf00000,0x00000000daf00000,0x00000000db400000)
 ParOldGen       total 84992K, used 5379K [0x0000000085200000, 0x000000008a500000, 0x00000000d7100000)
  object space 84992K, 6% used [0x0000000085200000,0x0000000085740fb8,0x000000008a500000)
 Metaspace       used 17787K, capacity 18046K, committed 18176K, reserved 1064960K
  class space    used 2162K, capacity 2255K, committed 2304K, reserved 1048576K
}
Event: 1.673 GC heap before
{Heap before GC invocations=3 (full 0):
 PSYoungGen      total 68608K, used 25002K [0x00000000d7100000, 0x00000000db900000, 0x0000000100000000)
  eden space 63488K, 31% used [0x00000000d7100000,0x00000000d846a948,0x00000000daf00000)
  from space 5120K, 100% used [0x00000000db400000,0x00000000db900000,0x00000000db900000)
  to   space 5120K, 0% used [0x00000000daf00000,0x00000000daf00000,0x00000000db400000)
 ParOldGen       total 84992K, used 5379K [0x0000000085200000, 0x000000008a500000, 0x00000000d7100000)
  object space 84992K, 6% used [0x0000000085200000,0x0000000085740fb8,0x000000008a500000)
 Metaspace       used 20774K, capacity 21062K, committed 21248K, reserved 1067008K
  class space    used 2605K, capacity 2727K, committed 2816K, reserved 1048576K
Event: 1.685 GC heap after
Heap after GC invocations=3 (full 0):
 PSYoungGen      total 68608K, used 5088K [0x00000000d7100000, 0x00000000df700000, 0x0000000100000000)
  eden space 63488K, 0% used [0x00000000d7100000,0x00000000d7100000,0x00000000daf00000)
  from space 5120K, 99% used [0x00000000daf00000,0x00000000db3f8020,0x00000000db400000)
  to   space 5120K, 0% used [0x00000000df200000,0x00000000df200000,0x00000000df700000)
 ParOldGen       total 84992K, used 8588K [0x0000000085200000, 0x000000008a500000, 0x00000000d7100000)
  object space 84992K, 10% used [0x0000000085200000,0x0000000085a630d0,0x000000008a500000)
 Metaspace       used 20774K, capacity 21062K, committed 21248K, reserved 1067008K
  class space    used 2605K, capacity 2727K, committed 2816K, reserved 1048576K
}
Event: 1.685 GC heap before
{Heap before GC invocations=4 (full 1):
 PSYoungGen      total 68608K, used 5088K [0x00000000d7100000, 0x00000000df700000, 0x0000000100000000)
  eden space 63488K, 0% used [0x00000000d7100000,0x00000000d7100000,0x00000000daf00000)
  from space 5120K, 99% used [0x00000000daf00000,0x00000000db3f8020,0x00000000db400000)
  to   space 5120K, 0% used [0x00000000df200000,0x00000000df200000,0x00000000df700000)
 ParOldGen       total 84992K, used 8588K [0x0000000085200000, 0x000000008a500000, 0x00000000d7100000)
  object space 84992K, 10% used [0x0000000085200000,0x0000000085a630d0,0x000000008a500000)
 Metaspace       used 20774K, capacity 21062K, committed 21248K, reserved 1067008K
  class space    used 2605K, capacity 2727K, committed 2816K, reserved 1048576K
Event: 1.753 GC heap after
Heap after GC invocations=4 (full 1):
 PSYoungGen      total 68608K, used 0K [0x00000000d7100000, 0x00000000df700000, 0x0000000100000000)
  eden space 63488K, 0% used [0x00000000d7100000,0x00000000d7100000,0x00000000daf00000)
  from space 5120K, 0% used [0x00000000daf00000,0x00000000daf00000,0x00000000db400000)
  to   space 5120K, 0% used [0x00000000df200000,0x00000000df200000,0x00000000df700000)
 ParOldGen       total 63488K, used 8098K [0x0000000085200000, 0x0000000089000000, 0x00000000d7100000)
  object space 63488K, 12% used [0x0000000085200000,0x00000000859e8838,0x0000000089000000)
 Metaspace       used 20774K, capacity 21062K, committed 21248K, reserved 1067008K
  class space    used 2605K, capacity 2727K, committed 2816K, reserved 1048576K
}
Event: 38.999 GC heap before
{Heap before GC invocations=5 (full 1):
 PSYoungGen      total 68608K, used 63488K [0x00000000d7100000, 0x00000000df700000, 0x0000000100000000)
  eden space 63488K, 100% used [0x00000000d7100000,0x00000000daf00000,0x00000000daf00000)
  from space 5120K, 0% used [0x00000000daf00000,0x00000000daf00000,0x00000000db400000)
  to   space 5120K, 0% used [0x00000000df200000,0x00000000df200000,0x00000000df700000)
 ParOldGen       total 63488K, used 8098K [0x0000000085200000, 0x0000000089000000, 0x00000000d7100000)
  object space 63488K, 12% used [0x0000000085200000,0x00000000859e8838,0x0000000089000000)
 Metaspace       used 29378K, capacity 29722K, committed 30080K, reserved 1075200K
  class space    used 3768K, capacity 3897K, committed 3968K, reserved 1048576K
Event: 39.008 GC heap after
Heap after GC invocations=5 (full 1):
 PSYoungGen      total 88576K, used 5111K [0x00000000d7100000, 0x00000000df700000, 0x0000000100000000)
  eden space 83456K, 0% used [0x00000000d7100000,0x00000000d7100000,0x00000000dc280000)
  from space 5120K, 99% used [0x00000000df200000,0x00000000df6fdcf0,0x00000000df700000)
  to   space 5120K, 0% used [0x00000000ded00000,0x00000000ded00000,0x00000000df200000)
 ParOldGen       total 63488K, used 14709K [0x0000000085200000, 0x0000000089000000, 0x00000000d7100000)
  object space 63488K, 23% used [0x0000000085200000,0x000000008605d5e0,0x0000000089000000)
 Metaspace       used 29378K, capacity 29722K, committed 30080K, reserved 1075200K
  class space    used 3768K, capacity 3897K, committed 3968K, reserved 1048576K
}

